This is pdfTeX, Version 3.14159265-2.6-1.40.16 (TeX Live 2015/Debian) (preloaded format=latex 2019.5.8)  9 MAY 2019 21:48
entering extended mode
 restricted \write18 enabled.
 %&-line parsing enabled.
**help
(/usr/share/texlive/texmf-dist/tex/latex/tools/q.tex
LaTeX2e <2016/02/01>
Babel <3.9q> and hyphenation patterns for 81 language(s) loaded.
File ignored
)
! Emergency stop.
<*> help
        
*** (job aborted, no legal \end found)

 
Here is how much of TeX's memory you used:
 8 strings out of 493030
 253 string characters out of 6136261
 53081 words of memory out of 5000000
 3641 multiletter control sequences out of 15000+600000
 3640 words of font info for 14 fonts, out of 8000000 for 9000
 1141 hyphenation exceptions out of 8191
 5i,0n,1p,84b,8s stack positions out of 5000i,500n,10000p,200000b,80000s
No pages of output.
