This is pdfTeX, Version 3.14159265-2.6-1.40.20 (TeX Live 2019) (preloaded format=latex 2019.9.12)  12 SEP 2019 21:52
entering extended mode
 restricted \write18 enabled.
 %&-line parsing enabled.
**- version
(/usr/local/texlive/2019basic/texmf-dist/tex/latex/tools/q.tex
LaTeX2e <2018-12-01>
File ignored
)

! LaTeX Error: Missing \begin{document}.

See the LaTeX manual or LaTeX Companion for explanation.
Type  H <return>  for immediate help.
 ...                                              
                                                  
<*> - v
       ersion
You're in trouble here.  Try typing  <return>  to proceed.
If that doesn't work, type  X <return>  to quit.

Missing character: There is no v in font nullfont!
Missing character: There is no e in font nullfont!
Missing character: There is no r in font nullfont!
Missing character: There is no s in font nullfont!
Missing character: There is no i in font nullfont!
Missing character: There is no o in font nullfont!
Missing character: There is no n in font nullfont!
! Emergency stop.
<*> - version
             
*** (job aborted, no legal \end found)

 
Here is how much of TeX's memory you used:
 7 strings out of 494061
 270 string characters out of 6163061
 53728 words of memory out of 5000000
 3810 multiletter control sequences out of 15000+600000
 3640 words of font info for 14 fonts, out of 8000000 for 9000
 319 hyphenation exceptions out of 8191
 5i,0n,4p,89b,14s stack positions out of 5000i,500n,10000p,200000b,80000s
No pages of output.
